<?xml version="1.0" encoding="UTF-8"?>
<!-- Generated by org.testng.reporters.JUnitXMLReporter -->
<testsuite ignored="4" hostname="RealMe-Book" failures="3" tests="5" name="OrangeHRM UI Tests" time="102.835" errors="0" timestamp="2026-03-18T21:59:03 IST">
  <testcase classname="com.automation.tests.LoginTest" name="verifyValidLogin" time="4.312"/>
  <testcase classname="com.automation.tests.InvalidLoginTest" name="verifyEmptyFieldsLogin" time="29.851">
    <failure type="java.lang.AssertionError" message="Login should work with empty fields (Intentional Failure 2) expected [true] but found [false]">
      <![CDATA[java.lang.AssertionError: Login should work with empty fields (Intentional Failure 2) expected [true] but found [false]
at com.automation.tests.InvalidLoginTest.verifyEmptyFieldsLogin(InvalidLoginTest.java:36)
at java.base/java.util.concurrent.Executors$RunnableAdapter.call(Executors.java:539)
at java.base/java.util.concurrent.FutureTask.run(FutureTask.java:264)
at java.base/java.util.concurrent.ThreadPoolExecutor.runWorker(ThreadPoolExecutor.java:1136)
at java.base/java.util.concurrent.ThreadPoolExecutor$Worker.run(ThreadPoolExecutor.java:635)
at java.base/java.lang.Thread.run(Thread.java:833)
... Removed 16 stack frames]]>
    </failure>
  </testcase> <!-- verifyEmptyFieldsLogin -->
  <testcase classname="com.automation.tests.DashboardTest" name="verifyLogout" time="27.835"/>
  <testcase classname="com.automation.tests.InvalidLoginTest" name="verifyEmptyPasswordLogin" time="22.38">
    <failure type="java.lang.AssertionError" message="Login should work without a password (Intentional Failure 3) expected [true] but found [false]">
      <![CDATA[java.lang.AssertionError: Login should work without a password (Intentional Failure 3) expected [true] but found [false]
at com.automation.tests.InvalidLoginTest.verifyEmptyPasswordLogin(InvalidLoginTest.java:48)
at java.base/java.util.concurrent.Executors$RunnableAdapter.call(Executors.java:539)
at java.base/java.util.concurrent.FutureTask.run(FutureTask.java:264)
at java.base/java.util.concurrent.ThreadPoolExecutor.runWorker(ThreadPoolExecutor.java:1136)
at java.base/java.util.concurrent.ThreadPoolExecutor$Worker.run(ThreadPoolExecutor.java:635)
at java.base/java.lang.Thread.run(Thread.java:833)
... Removed 16 stack frames]]>
    </failure>
  </testcase> <!-- verifyEmptyPasswordLogin -->
  <testcase classname="com.automation.tests.InvalidLoginTest" name="verifyInvalidLogin" time="30.583">
    <failure type="java.lang.AssertionError" message="Assumed dashboard should be displayed for invalid credentials (Intentional Failure 1) expected [true] but found [false]">
      <![CDATA[java.lang.AssertionError: Assumed dashboard should be displayed for invalid credentials (Intentional Failure 1) expected [true] but found [false]
at com.automation.tests.InvalidLoginTest.verifyInvalidLogin(InvalidLoginTest.java:23)
at java.base/java.util.concurrent.Executors$RunnableAdapter.call(Executors.java:539)
at java.base/java.util.concurrent.FutureTask.run(FutureTask.java:264)
at java.base/java.util.concurrent.ThreadPoolExecutor.runWorker(ThreadPoolExecutor.java:1136)
at java.base/java.util.concurrent.ThreadPoolExecutor$Worker.run(ThreadPoolExecutor.java:635)
at java.base/java.lang.Thread.run(Thread.java:833)
... Removed 16 stack frames]]>
    </failure>
  </testcase> <!-- verifyInvalidLogin -->
  <testcase classname="com.automation.framework.base.BaseTest" name="@AfterSuite afterSuite" time="0.0">
    <ignored/>
  </testcase> <!-- @AfterSuite afterSuite -->
  <testcase classname="com.automation.framework.base.BaseTest" name="@BeforeSuite beforeSuite" time="0.0">
    <ignored/>
  </testcase> <!-- @BeforeSuite beforeSuite -->
  <testcase classname="com.automation.framework.base.BaseTest" name="@BeforeSuite beforeSuite" time="0.0">
    <ignored/>
  </testcase> <!-- @BeforeSuite beforeSuite -->
  <testcase classname="com.automation.framework.base.BaseTest" name="@AfterSuite afterSuite" time="0.0">
    <ignored/>
  </testcase> <!-- @AfterSuite afterSuite -->
</testsuite> <!-- OrangeHRM UI Tests -->
