<?xml version="1.0" encoding="UTF-8"?>
<testng-results ignored="0" total="5" passed="2" failed="3" skipped="0">
  <reporter-output>
  </reporter-output>
  <suite started-at="2026-03-18T21:57:20 IST" name="Automation Test Suite" finished-at="2026-03-18T21:59:03 IST" duration-ms="102835">
    <groups>
    </groups>
    <test started-at="2026-03-18T21:57:20 IST" name="OrangeHRM UI Tests" finished-at="2026-03-18T21:59:03 IST" duration-ms="102835">
      <class name="com.automation.tests.InvalidLoginTest">
        <test-method is-config="true" signature="setUp(java.lang.String,java.lang.reflect.Method)[pri:0, instance:com.automation.tests.InvalidLoginTest@3a93b025]" started-at="2026-03-18T21:57:20 IST" name="setUp" finished-at="2026-03-18T21:57:26 IST" duration-ms="5806" status="PASS">
          <params>
            <param index="0">
              <value>
                <![CDATA[]]>
              </value>
            </param>
            <param index="1">
              <value>
                <![CDATA[public void com.automation.tests.InvalidLoginTest.verifyEmptyFieldsLogin(java.lang.String,java.lang.String)]]>
              </value>
            </param>
          </params>
          <reporter-output>
          </reporter-output>
        </test-method> <!-- setUp -->
        <test-method signature="verifyEmptyFieldsLogin(java.lang.String,java.lang.String)[pri:0, instance:com.automation.tests.InvalidLoginTest@3a93b025]" started-at="2026-03-18T21:57:26 IST" name="verifyEmptyFieldsLogin" description="Verify required messages for empty fields (intentionally failing)" data-provider="emptyLoginData" finished-at="2026-03-18T21:57:56 IST" duration-ms="29851" status="FAIL">
          <params>
            <param index="0">
              <value>
                <![CDATA[]]>
              </value>
            </param>
            <param index="1">
              <value>
                <![CDATA[]]>
              </value>
            </param>
          </params>
          <exception class="java.lang.AssertionError">
            <message>
              <![CDATA[Login should work with empty fields (Intentional Failure 2) expected [true] but found [false]]]>
            </message>
            <full-stacktrace>
              <![CDATA[java.lang.AssertionError: Login should work with empty fields (Intentional Failure 2) expected [true] but found [false]
at org.testng.Assert.fail(Assert.java:111)
at org.testng.Assert.failNotEquals(Assert.java:1578)
at org.testng.Assert.assertTrue(Assert.java:57)
at com.automation.tests.InvalidLoginTest.verifyEmptyFieldsLogin(InvalidLoginTest.java:36)
at java.base/jdk.internal.reflect.NativeMethodAccessorImpl.invoke0(Native Method)
at java.base/jdk.internal.reflect.NativeMethodAccessorImpl.invoke(NativeMethodAccessorImpl.java:77)
at java.base/jdk.internal.reflect.DelegatingMethodAccessorImpl.invoke(DelegatingMethodAccessorImpl.java:43)
at java.base/java.lang.reflect.Method.invoke(Method.java:568)
at org.testng.internal.invokers.MethodInvocationHelper.invokeMethod(MethodInvocationHelper.java:141)
at org.testng.internal.invokers.TestInvoker.invokeMethod(TestInvoker.java:686)
at org.testng.internal.invokers.TestInvoker.invokeTestMethod(TestInvoker.java:230)
at org.testng.internal.invokers.MethodRunner.runInSequence(MethodRunner.java:63)
at org.testng.internal.invokers.TestInvoker$MethodInvocationAgent.invoke(TestInvoker.java:992)
at org.testng.internal.invokers.TestInvoker.invokeTestMethods(TestInvoker.java:203)
at org.testng.internal.invokers.TestMethodWorker.invokeTestMethods(TestMethodWorker.java:154)
at org.testng.internal.invokers.TestMethodWorker.run(TestMethodWorker.java:134)
at java.base/java.util.concurrent.Executors$RunnableAdapter.call(Executors.java:539)
at java.base/java.util.concurrent.FutureTask.run(FutureTask.java:264)
at org.testng.internal.thread.graph.TestNGFutureTask.run(TestNGFutureTask.java:22)
at java.base/java.util.concurrent.ThreadPoolExecutor.runWorker(ThreadPoolExecutor.java:1136)
at java.base/java.util.concurrent.ThreadPoolExecutor$Worker.run(ThreadPoolExecutor.java:635)
at java.base/java.lang.Thread.run(Thread.java:833)
]]>
            </full-stacktrace>
          </exception> <!-- java.lang.AssertionError -->
          <reporter-output>
          </reporter-output>
        </test-method> <!-- verifyEmptyFieldsLogin -->
        <test-method is-config="true" signature="tearDown(org.testng.ITestResult)[pri:0, instance:com.automation.tests.InvalidLoginTest@3a93b025]" started-at="2026-03-18T21:57:56 IST" name="tearDown" finished-at="2026-03-18T21:57:57 IST" duration-ms="684" status="PASS">
          <params>
            <param index="0">
              <value>
                <![CDATA[[TestResult name=verifyEmptyFieldsLogin status=FAILURE method=InvalidLoginTest.verifyEmptyFieldsLogin(java.lang.String,java.lang.String)[pri:0, instance:com.automation.tests.InvalidLoginTest@3a93b025] output={null}]]]>
              </value>
            </param>
          </params>
          <reporter-output>
          </reporter-output>
        </test-method> <!-- tearDown -->
        <test-method is-config="true" signature="setUp(java.lang.String,java.lang.reflect.Method)[pri:0, instance:com.automation.tests.InvalidLoginTest@3a93b025]" started-at="2026-03-18T21:57:57 IST" name="setUp" finished-at="2026-03-18T21:58:06 IST" duration-ms="9786" status="PASS">
          <params>
            <param index="0">
              <value>
                <![CDATA[]]>
              </value>
            </param>
            <param index="1">
              <value>
                <![CDATA[public void com.automation.tests.InvalidLoginTest.verifyEmptyPasswordLogin()]]>
              </value>
            </param>
          </params>
          <reporter-output>
          </reporter-output>
        </test-method> <!-- setUp -->
        <test-method signature="verifyEmptyPasswordLogin()[pri:0, instance:com.automation.tests.InvalidLoginTest@3a93b025]" started-at="2026-03-18T21:58:06 IST" name="verifyEmptyPasswordLogin" description="Verify required message for empty password only (intentionally failing)" finished-at="2026-03-18T21:58:29 IST" duration-ms="22380" status="FAIL">
          <exception class="java.lang.AssertionError">
            <message>
              <![CDATA[Login should work without a password (Intentional Failure 3) expected [true] but found [false]]]>
            </message>
            <full-stacktrace>
              <![CDATA[java.lang.AssertionError: Login should work without a password (Intentional Failure 3) expected [true] but found [false]
at org.testng.Assert.fail(Assert.java:111)
at org.testng.Assert.failNotEquals(Assert.java:1578)
at org.testng.Assert.assertTrue(Assert.java:57)
at com.automation.tests.InvalidLoginTest.verifyEmptyPasswordLogin(InvalidLoginTest.java:48)
at java.base/jdk.internal.reflect.NativeMethodAccessorImpl.invoke0(Native Method)
at java.base/jdk.internal.reflect.NativeMethodAccessorImpl.invoke(NativeMethodAccessorImpl.java:77)
at java.base/jdk.internal.reflect.DelegatingMethodAccessorImpl.invoke(DelegatingMethodAccessorImpl.java:43)
at java.base/java.lang.reflect.Method.invoke(Method.java:568)
at org.testng.internal.invokers.MethodInvocationHelper.invokeMethod(MethodInvocationHelper.java:141)
at org.testng.internal.invokers.TestInvoker.invokeMethod(TestInvoker.java:686)
at org.testng.internal.invokers.TestInvoker.invokeTestMethod(TestInvoker.java:230)
at org.testng.internal.invokers.MethodRunner.runInSequence(MethodRunner.java:63)
at org.testng.internal.invokers.TestInvoker$MethodInvocationAgent.invoke(TestInvoker.java:992)
at org.testng.internal.invokers.TestInvoker.invokeTestMethods(TestInvoker.java:203)
at org.testng.internal.invokers.TestMethodWorker.invokeTestMethods(TestMethodWorker.java:154)
at org.testng.internal.invokers.TestMethodWorker.run(TestMethodWorker.java:134)
at java.base/java.util.concurrent.Executors$RunnableAdapter.call(Executors.java:539)
at java.base/java.util.concurrent.FutureTask.run(FutureTask.java:264)
at org.testng.internal.thread.graph.TestNGFutureTask.run(TestNGFutureTask.java:22)
at java.base/java.util.concurrent.ThreadPoolExecutor.runWorker(ThreadPoolExecutor.java:1136)
at java.base/java.util.concurrent.ThreadPoolExecutor$Worker.run(ThreadPoolExecutor.java:635)
at java.base/java.lang.Thread.run(Thread.java:833)
]]>
            </full-stacktrace>
          </exception> <!-- java.lang.AssertionError -->
          <reporter-output>
          </reporter-output>
        </test-method> <!-- verifyEmptyPasswordLogin -->
        <test-method is-config="true" signature="tearDown(org.testng.ITestResult)[pri:0, instance:com.automation.tests.InvalidLoginTest@3a93b025]" started-at="2026-03-18T21:58:29 IST" name="tearDown" finished-at="2026-03-18T21:58:29 IST" duration-ms="477" status="PASS">
          <params>
            <param index="0">
              <value>
                <![CDATA[[TestResult name=verifyEmptyPasswordLogin status=FAILURE method=InvalidLoginTest.verifyEmptyPasswordLogin()[pri:0, instance:com.automation.tests.InvalidLoginTest@3a93b025] output={null}]]]>
              </value>
            </param>
          </params>
          <reporter-output>
          </reporter-output>
        </test-method> <!-- tearDown -->
        <test-method is-config="true" signature="setUp(java.lang.String,java.lang.reflect.Method)[pri:0, instance:com.automation.tests.InvalidLoginTest@3a93b025]" started-at="2026-03-18T21:58:29 IST" name="setUp" finished-at="2026-03-18T21:58:32 IST" duration-ms="2317" status="PASS">
          <params>
            <param index="0">
              <value>
                <![CDATA[]]>
              </value>
            </param>
            <param index="1">
              <value>
                <![CDATA[public void com.automation.tests.InvalidLoginTest.verifyInvalidLogin(java.lang.String,java.lang.String)]]>
              </value>
            </param>
          </params>
          <reporter-output>
          </reporter-output>
        </test-method> <!-- setUp -->
        <test-method signature="verifyInvalidLogin(java.lang.String,java.lang.String)[pri:0, instance:com.automation.tests.InvalidLoginTest@3a93b025]" started-at="2026-03-18T21:58:32 IST" name="verifyInvalidLogin" description="Verify invalid login (intentionally failing)" data-provider="invalidLoginData" finished-at="2026-03-18T21:59:02 IST" duration-ms="30583" status="FAIL">
          <params>
            <param index="0">
              <value>
                <![CDATA[AdminInvalid]]>
              </value>
            </param>
            <param index="1">
              <value>
                <![CDATA[wrongpassword123]]>
              </value>
            </param>
          </params>
          <exception class="java.lang.AssertionError">
            <message>
              <![CDATA[Assumed dashboard should be displayed for invalid credentials (Intentional Failure 1) expected [true] but found [false]]]>
            </message>
            <full-stacktrace>
              <![CDATA[java.lang.AssertionError: Assumed dashboard should be displayed for invalid credentials (Intentional Failure 1) expected [true] but found [false]
at org.testng.Assert.fail(Assert.java:111)
at org.testng.Assert.failNotEquals(Assert.java:1578)
at org.testng.Assert.assertTrue(Assert.java:57)
at com.automation.tests.InvalidLoginTest.verifyInvalidLogin(InvalidLoginTest.java:23)
at java.base/jdk.internal.reflect.NativeMethodAccessorImpl.invoke0(Native Method)
at java.base/jdk.internal.reflect.NativeMethodAccessorImpl.invoke(NativeMethodAccessorImpl.java:77)
at java.base/jdk.internal.reflect.DelegatingMethodAccessorImpl.invoke(DelegatingMethodAccessorImpl.java:43)
at java.base/java.lang.reflect.Method.invoke(Method.java:568)
at org.testng.internal.invokers.MethodInvocationHelper.invokeMethod(MethodInvocationHelper.java:141)
at org.testng.internal.invokers.TestInvoker.invokeMethod(TestInvoker.java:686)
at org.testng.internal.invokers.TestInvoker.invokeTestMethod(TestInvoker.java:230)
at org.testng.internal.invokers.MethodRunner.runInSequence(MethodRunner.java:63)
at org.testng.internal.invokers.TestInvoker$MethodInvocationAgent.invoke(TestInvoker.java:992)
at org.testng.internal.invokers.TestInvoker.invokeTestMethods(TestInvoker.java:203)
at org.testng.internal.invokers.TestMethodWorker.invokeTestMethods(TestMethodWorker.java:154)
at org.testng.internal.invokers.TestMethodWorker.run(TestMethodWorker.java:134)
at java.base/java.util.concurrent.Executors$RunnableAdapter.call(Executors.java:539)
at java.base/java.util.concurrent.FutureTask.run(FutureTask.java:264)
at org.testng.internal.thread.graph.TestNGFutureTask.run(TestNGFutureTask.java:22)
at java.base/java.util.concurrent.ThreadPoolExecutor.runWorker(ThreadPoolExecutor.java:1136)
at java.base/java.util.concurrent.ThreadPoolExecutor$Worker.run(ThreadPoolExecutor.java:635)
at java.base/java.lang.Thread.run(Thread.java:833)
]]>
            </full-stacktrace>
          </exception> <!-- java.lang.AssertionError -->
          <reporter-output>
          </reporter-output>
        </test-method> <!-- verifyInvalidLogin -->
        <test-method is-config="true" signature="tearDown(org.testng.ITestResult)[pri:0, instance:com.automation.tests.InvalidLoginTest@3a93b025]" started-at="2026-03-18T21:59:02 IST" name="tearDown" finished-at="2026-03-18T21:59:03 IST" duration-ms="696" status="PASS">
          <params>
            <param index="0">
              <value>
                <![CDATA[[TestResult name=verifyInvalidLogin status=FAILURE method=InvalidLoginTest.verifyInvalidLogin(java.lang.String,java.lang.String)[pri:0, instance:com.automation.tests.InvalidLoginTest@3a93b025] output={null}]]]>
              </value>
            </param>
          </params>
          <reporter-output>
          </reporter-output>
        </test-method> <!-- tearDown -->
      </class> <!-- com.automation.tests.InvalidLoginTest -->
      <class name="com.automation.tests.LoginTest">
        <test-method is-config="true" signature="beforeSuite()[pri:0, instance:com.automation.tests.LoginTest@72d1ad2e]" started-at="2026-03-18T21:57:20 IST" name="beforeSuite" finished-at="2026-03-18T21:57:20 IST" duration-ms="253" status="PASS">
          <reporter-output>
          </reporter-output>
        </test-method> <!-- beforeSuite -->
        <test-method is-config="true" signature="setUp(java.lang.String,java.lang.reflect.Method)[pri:0, instance:com.automation.tests.LoginTest@72d1ad2e]" started-at="2026-03-18T21:57:20 IST" name="setUp" finished-at="2026-03-18T21:57:31 IST" duration-ms="10291" status="PASS">
          <params>
            <param index="0">
              <value>
                <![CDATA[]]>
              </value>
            </param>
            <param index="1">
              <value>
                <![CDATA[public void com.automation.tests.LoginTest.verifyValidLogin(java.lang.String,java.lang.String)]]>
              </value>
            </param>
          </params>
          <reporter-output>
          </reporter-output>
        </test-method> <!-- setUp -->
        <test-method signature="verifyValidLogin(java.lang.String,java.lang.String)[pri:0, instance:com.automation.tests.LoginTest@72d1ad2e]" started-at="2026-03-18T21:57:31 IST" name="verifyValidLogin" description="Verify successful login with valid credentials" data-provider="validLoginData" finished-at="2026-03-18T21:57:35 IST" duration-ms="4312" status="PASS">
          <params>
            <param index="0">
              <value>
                <![CDATA[Admin]]>
              </value>
            </param>
            <param index="1">
              <value>
                <![CDATA[admin123]]>
              </value>
            </param>
          </params>
          <reporter-output>
          </reporter-output>
        </test-method> <!-- verifyValidLogin -->
        <test-method is-config="true" signature="tearDown(org.testng.ITestResult)[pri:0, instance:com.automation.tests.LoginTest@72d1ad2e]" started-at="2026-03-18T21:57:35 IST" name="tearDown" finished-at="2026-03-18T21:57:35 IST" duration-ms="392" status="PASS">
          <params>
            <param index="0">
              <value>
                <![CDATA[[TestResult name=verifyValidLogin status=SUCCESS method=LoginTest.verifyValidLogin(java.lang.String,java.lang.String)[pri:0, instance:com.automation.tests.LoginTest@72d1ad2e] output={null}]]]>
              </value>
            </param>
          </params>
          <reporter-output>
          </reporter-output>
        </test-method> <!-- tearDown -->
        <test-method is-config="true" signature="afterSuite()[pri:0, instance:com.automation.tests.LoginTest@72d1ad2e]" started-at="2026-03-18T21:59:03 IST" name="afterSuite" finished-at="2026-03-18T21:59:04 IST" duration-ms="1244" status="PASS">
          <reporter-output>
          </reporter-output>
        </test-method> <!-- afterSuite -->
      </class> <!-- com.automation.tests.LoginTest -->
      <class name="com.automation.tests.DashboardTest">
        <test-method is-config="true" signature="setUp(java.lang.String,java.lang.reflect.Method)[pri:0, instance:com.automation.tests.DashboardTest@35cabb2a]" started-at="2026-03-18T21:57:35 IST" name="setUp" finished-at="2026-03-18T21:57:48 IST" duration-ms="13260" status="PASS">
          <params>
            <param index="0">
              <value>
                <![CDATA[]]>
              </value>
            </param>
            <param index="1">
              <value>
                <![CDATA[public void com.automation.tests.DashboardTest.verifyLogout()]]>
              </value>
            </param>
          </params>
          <reporter-output>
          </reporter-output>
        </test-method> <!-- setUp -->
        <test-method is-config="true" signature="loginToApplication()[pri:0, instance:com.automation.tests.DashboardTest@35cabb2a]" started-at="2026-03-18T21:57:48 IST" name="loginToApplication" finished-at="2026-03-18T21:57:50 IST" duration-ms="1236" status="PASS">
          <reporter-output>
          </reporter-output>
        </test-method> <!-- loginToApplication -->
        <test-method signature="verifyLogout()[pri:0, instance:com.automation.tests.DashboardTest@35cabb2a]" started-at="2026-03-18T21:57:50 IST" name="verifyLogout" description="Verify successful logout from dashboard" finished-at="2026-03-18T21:58:18 IST" duration-ms="27835" status="PASS">
          <reporter-output>
          </reporter-output>
        </test-method> <!-- verifyLogout -->
        <test-method is-config="true" signature="tearDown(org.testng.ITestResult)[pri:0, instance:com.automation.tests.DashboardTest@35cabb2a]" started-at="2026-03-18T21:58:18 IST" name="tearDown" finished-at="2026-03-18T21:58:18 IST" duration-ms="285" status="PASS">
          <params>
            <param index="0">
              <value>
                <![CDATA[[TestResult name=verifyLogout status=SUCCESS method=DashboardTest.verifyLogout()[pri:0, instance:com.automation.tests.DashboardTest@35cabb2a] output={null}]]]>
              </value>
            </param>
          </params>
          <reporter-output>
          </reporter-output>
        </test-method> <!-- tearDown -->
      </class> <!-- com.automation.tests.DashboardTest -->
    </test> <!-- OrangeHRM UI Tests -->
  </suite> <!-- Automation Test Suite -->
</testng-results>
